<?xml version="1.0" encoding="UTF-8"?>
<!-- Generated by org.testng.reporters.JUnitReportReporter -->
<testsuite skipped="0" hostname="USHYDABDHAI8" name="testScripts.ScheduleManagementFlow" tests="1" failures="0" timestamp="28 Jan 2022 14:12:43 GMT" time="11.485" errors="0">
  <testcase name="ApplyLicenseForBusiness" time="11.485" classname="testScripts.ScheduleManagementFlow"/>
</testsuite> <!-- testScripts.ScheduleManagementFlow -->
