<?xml version="1.0" encoding="UTF-8"?>
<!-- Generated by org.testng.reporters.JUnitReportReporter -->
<testsuite skipped="0" hostname="USHYDABDHAI8" name="testScripts.ScheduleManagementFlow" tests="1" failures="0" timestamp="10 Mar 2022 09:38:06 GMT" time="23.145" errors="0">
  <testcase name="ScheduleManagement" time="23.145" classname="testScripts.ScheduleManagementFlow"/>
</testsuite> <!-- testScripts.ScheduleManagementFlow -->
