<?xml version="1.0" encoding="UTF-8"?>
<!-- Generated by org.testng.reporters.JUnitReportReporter -->
<testsuite skipped="0" hostname="USHYDABDHAI8" name="testScripts.ScheduleManagementFlow" tests="1" failures="0" timestamp="18 Feb 2022 13:47:00 GMT" time="8.036" errors="0">
  <testcase name="ScheduleManagement" time="8.036" classname="testScripts.ScheduleManagementFlow"/>
</testsuite> <!-- testScripts.ScheduleManagementFlow -->
